Job History:
  JOB #1000/1: 421b4d8 com.android.providers.settings/.WriteFallbackSettingsFilesJobService
    1000 tag=*job*/com.android.providers.settings/.WriteFallbackSettingsFilesJobService
    Source: uid=1000 user=0 pkg=com.android.providers.settings
    JobInfo:
      Service: com.android.providers.settings/.WriteFallbackSettingsFilesJobService
      PERIODIC: interval=+1d0h0m0s0ms flex=+1d0h0m0s0ms
      PERSISTED
      Requires: charging=true batteryNotLow=false deviceIdle=false
      Extras: {config=/data/system/users/0/settings_config.xml, global=/data/system/users/0/settings_global.xml, secure=/data/system/users/0/settings_secure.xml, system=/data/system/users/0/settings_system.xml, ssaid=/data/system/users/0/settings_ssaid.xml}
      Backoff: policy=1 initial=+30s0ms
      Has early constraint
      Has late constraint
    Required constraints: CHARGING TIMING_DELAY DEADLINE [0xc0000001]
    Dynamic constraints:
    Satisfied constraints: CHARGING BATTERY_NOT_LOW DEVICE_NOT_DOZING BACKGROUND_NOT_RESTRICTED WITHIN_QUOTA [0x3400003]
    Unsatisfied constraints: TIMING_DELAY DEADLINE [0xc0000000]
    Constraint history:
      2022-08-01 18:32:54.091 = CHARGING [0x1]
      2022-08-01 18:32:54.091 = CHARGING BATTERY_NOT_LOW [0x3]
      2022-08-01 18:32:54.091 = CHARGING BATTERY_NOT_LOW BACKGROUND_NOT_RESTRICTED [0x400003]
      2022-08-01 18:32:54.091 = CHARGING BATTERY_NOT_LOW DEVICE_NOT_DOZING BACKGROUND_NOT_RESTRICTED [0x2400003]
      2022-08-01 18:32:54.091 = CHARGING BATTERY_NOT_LOW DEVICE_NOT_DOZING BACKGROUND_NOT_RESTRICTED WITHIN_QUOTA [0x3400003]
    Uid: active
    Tracking: BATTERY TIME QUOTA
    Implicit constraints:
      readyNotDozing: true
      readyNotRestrictedInBg: true
      readyComponentEnabled: true
    Standby bucket: ACTIVE
    Enqueue time: 2022-08-01 18:32:54.091
    Run time: earliest=2022-08-02 18:32:30.522, latest=2022-08-03 18:32:30.522, original latest=2022-08-03 18:32:30.522
    Last successful run: 2022-08-01 18:32:54
    Last failed run: 2022-08-10 16:06:45
    Restricted due to: none.
    Ready: false (job=false user=true !restricted=true !pending=true !active=true !backingup=true comp=true)
  JOB #1000/800: d41f0ac android/com.android.server.pm.BackgroundDexOptService
    1000 tag=*job*/android/com.android.server.pm.BackgroundDexOptService
    Source: uid=1000 user=0 pkg=android
    JobInfo:
      Service: android/com.android.server.pm.BackgroundDexOptService
      PERIODIC: interval=+1d0h0m0s0ms flex=+1d0h0m0s0ms
      Requires: charging=true batteryNotLow=false deviceIdle=true
      Backoff: policy=1 initial=+30s0ms
      Has early constraint
      Has late constraint
    Required constraints: CHARGING TIMING_DELAY DEADLINE IDLE [0xc0000005]
    Dynamic constraints:
    Satisfied constraints: CHARGING BATTERY_NOT_LOW DEVICE_NOT_DOZING BACKGROUND_NOT_RESTRICTED WITHIN_QUOTA [0x3400003]
    Unsatisfied constraints: TIMING_DELAY DEADLINE IDLE [0xc0000004]
    Constraint history:
      2022-08-01 19:21:41.962 = IDLE [0x4]
      2022-08-01 19:21:41.962 = CHARGING IDLE [0x5]
      2022-08-01 19:21:41.962 = CHARGING BATTERY_NOT_LOW IDLE [0x7]
      2022-08-01 19:21:41.962 = CHARGING BATTERY_NOT_LOW IDLE BACKGROUND_NOT_RESTRICTED [0x400007]
      2022-08-01 19:21:41.962 = CHARGING BATTERY_NOT_LOW IDLE DEVICE_NOT_DOZING BACKGROUND_NOT_RESTRICTED [0x2400007]
      2022-08-01 19:21:41.962 = CHARGING BATTERY_NOT_LOW IDLE DEVICE_NOT_DOZING BACKGROUND_NOT_RESTRICTED WITHIN_QUOTA [0x3400007]
      2022-08-01 20:35:19.891 = CHARGING BATTERY_NOT_LOW DEVICE_NOT_DOZING BACKGROUND_NOT_RESTRICTED WITHIN_QUOTA [0x3400003]
    Uid: active
    Tracking: BATTERY IDLE TIME QUOTA
    Implicit constraints:
      readyNotDozing: true
      readyNotRestrictedInBg: true
      readyComponentEnabled: true
    Standby bucket: ACTIVE
    Enqueue time: 2022-08-01 19:21:41.962
    Run time: earliest=2022-08-02 18:32:30.566, latest=2022-08-03 18:32:30.566, original latest=2022-08-03 18:32:30.566
    Last successful run: 2022-08-01 19:21:41
    Last failed run: 2022-07-15 21:41:55
    Restricted due to: none.
    Ready: false (job=false user=true !restricted=true !pending=true !active=true !backingup=true comp=true)
  JOB #1000/808: ebbd884 android/com.android.server.MountServiceIdler
    1000 tag=*job*/android/com.android.server.MountServiceIdler
    Source: uid=1000 user=0 pkg=android
    JobInfo:
      Service: android/com.android.server.MountServiceIdler
      Requires: charging=true batteryNotLow=true deviceIdle=true
      Minimum latency: +7h43m39s109ms
      Backoff: policy=1 initial=+30s0ms
      Has early constraint
    Required constraints: CHARGING BATTERY_NOT_LOW TIMING_DELAY IDLE [0x80000007]
    Dynamic constraints:
    Satisfied constraints: CHARGING BATTERY_NOT_LOW DEVICE_NOT_DOZING BACKGROUND_NOT_RESTRICTED WITHIN_QUOTA [0x3400003]
    Unsatisfied constraints: TIMING_DELAY IDLE [0x80000004]
    Constraint history:
      2022-08-01 19:16:20.865 = IDLE [0x4]
      2022-08-01 19:16:20.865 = CHARGING IDLE [0x5]
      2022-08-01 19:16:20.865 = CHARGING BATTERY_NOT_LOW IDLE [0x7]
      2022-08-01 19:16:20.865 = CHARGING BATTERY_NOT_LOW IDLE BACKGROUND_NOT_RESTRICTED [0x400007]
      2022-08-01 19:16:20.865 = CHARGING BATTERY_NOT_LOW IDLE DEVICE_NOT_DOZING BACKGROUND_NOT_RESTRICTED [0x2400007]
      2022-08-01 19:16:20.865 = CHARGING BATTERY_NOT_LOW IDLE DEVICE_NOT_DOZING BACKGROUND_NOT_RESTRICTED WITHIN_QUOTA [0x3400007]
      2022-08-01 20:35:19.891 = CHARGING BATTERY_NOT_LOW DEVICE_NOT_DOZING BACKGROUND_NOT_RESTRICTED WITHIN_QUOTA [0x3400003]
    Uid: active
    Tracking: BATTERY IDLE TIME QUOTA
    Implicit constraints:
      readyNotDozing: true
      readyNotRestrictedInBg: true
      readyComponentEnabled: true
    Standby bucket: ACTIVE
    Enqueue time: 2022-08-01 19:16:20.865
    Run time: earliest=2022-08-02 02:59:59.974, latest=none, original latest=none
    Restricted due to: none.
    Ready: false (job=false user=true !restricted=true !pending=true !active=true !backingup=true comp=true)
  JOB #1000/812: affdb8a android/com.android.server.ZramWriteback
    1000 tag=*job*/android/com.android.server.ZramWriteback
    Source: uid=1000 user=0 pkg=android
    JobInfo:
      Service: android/com.android.server.ZramWriteback
      Requires: charging=false batteryNotLow=false deviceIdle=true
      Minimum latency: +1d0h0m0s0ms
      Backoff: policy=1 initial=+30s0ms
      Has early constraint
    Required constraints: TIMING_DELAY IDLE [0x80000004]
    Dynamic constraints:
    Satisfied constraints: DEVICE_NOT_DOZING BACKGROUND_NOT_RESTRICTED WITHIN_QUOTA [0x3400000]
    Unsatisfied constraints: TIMING_DELAY IDLE [0x80000004]
    Constraint history:
      2022-08-01 02:44:03.681 = IDLE [0x4]
      2022-08-01 02:44:03.681 = IDLE BACKGROUND_NOT_RESTRICTED [0x400004]
      2022-08-01 02:44:03.681 = IDLE DEVICE_NOT_DOZING BACKGROUND_NOT_RESTRICTED [0x2400004]
      2022-08-01 02:44:03.681 = IDLE DEVICE_NOT_DOZING BACKGROUND_NOT_RESTRICTED WITHIN_QUOTA [0x3400004]
      2022-08-01 16:20:02.570 = DEVICE_NOT_DOZING BACKGROUND_NOT_RESTRICTED WITHIN_QUOTA [0x3400000]
      2022-08-01 17:05:28.495 = IDLE DEVICE_NOT_DOZING BACKGROUND_NOT_RESTRICTED WITHIN_QUOTA [0x3400004]
      2022-08-01 17:30:41.783 = DEVICE_NOT_DOZING BACKGROUND_NOT_RESTRICTED WITHIN_QUOTA [0x3400000]
      2022-08-01 19:14:00.697 = IDLE DEVICE_NOT_DOZING BACKGROUND_NOT_RESTRICTED WITHIN_QUOTA [0x3400004]
      2022-08-01 20:35:19.891 = DEVICE_NOT_DOZING BACKGROUND_NOT_RESTRICTED WITHIN_QUOTA [0x3400000]
    Uid: active
    Tracking: IDLE TIME QUOTA
    Implicit constraints:
      readyNotDozing: true
      readyNotRestrictedInBg: true
      readyComponentEnabled: true
    Standby bucket: ACTIVE
    Enqueue time: 2022-08-01 02:44:03.681
    Run time: earliest=2022-08-02 02:44:03.681, latest=none, original latest=none
    Restricted due to: none.
    Ready: false (job=false user=true !restricted=true !pending=true !active=true !backingup=true comp=true)
  JOB #1000/100001: e8500f0 com.xunmeng.pinduoduo.lifecycle_ii/com.xunmeng.pinduoduo.account_type/拼多多:android
    1000 tag=*job*/com.xunmeng.pinduoduo.lifecycle_ii/com.xunmeng.pinduoduo.account_type/拼多多:android
    Source: uid=u0a106 user=0 pkg=com.xunmeng.pinduoduo
    JobInfo:
      Service: android/com.android.server.content.SyncJobService
      PERIODIC: interval=+1d0h0m0s0ms flex=+1h12m0s0ms
      PERSISTED
      Requires: charging=false batteryNotLow=false deviceIdle=false
      Extras: {provider=com.xunmeng.pinduoduo.lifecycle_ii, ejDowngradedToRegular=false, reason=-4, source=4, userId=0, expectedRuntime=0, syncExemptionFlag=0, owningPackage=com.xunmeng.pinduoduo, SyncManagerJob=true, isPeriodic=true, allowParallelSyncs=false, periodMillis=86400000, sourcePeriodicId=-1, jobId=100001, owningUid=10106, flexMillis=3456000, accountName=拼多多, accountType=com.xunmeng.pinduoduo.account_type, retries=0, syncExtras=PersistableBundle[{}]}
      Network type: NetworkRequest [ NONE id=0, [ Capabilities: INTERNET&NOT_RESTRICTED&TRUSTED&VALIDATED&NOT_VCN_MANAGED Uid: 10106] ]
      Backoff: policy=1 initial=+30s0ms
      Has early constraint
      Has late constraint
    Required constraints: STORAGE_NOT_LOW TIMING_DELAY DEADLINE CONNECTIVITY [0xd0000008]
    Dynamic constraints:
    Satisfied constraints: STORAGE_NOT_LOW TIMING_DELAY DEADLINE DEVICE_NOT_DOZING BACKGROUND_NOT_RESTRICTED WITHIN_QUOTA [0xc3400008]
    Unsatisfied constraints: CONNECTIVITY [0x10000000]
    Constraint history:
      2022-07-15 18:43:02.809 = CONNECTIVITY [0x10000000]
      2022-07-15 18:43:02.810 = STORAGE_NOT_LOW CONNECTIVITY [0x10000008]
      2022-07-15 18:43:02.810 = STORAGE_NOT_LOW CONNECTIVITY BACKGROUND_NOT_RESTRICTED [0x10400008]
      2022-07-15 18:43:02.810 = STORAGE_NOT_LOW CONNECTIVITY DEVICE_NOT_DOZING BACKGROUND_NOT_RESTRICTED [0x12400008]
      2022-07-15 18:43:02.810 = STORAGE_NOT_LOW CONNECTIVITY DEVICE_NOT_DOZING BACKGROUND_NOT_RESTRICTED WITHIN_QUOTA [0x13400008]
      2022-07-15 19:25:27.939 = STORAGE_NOT_LOW DEVICE_NOT_DOZING BACKGROUND_NOT_RESTRICTED WITHIN_QUOTA [0x3400008]
      2022-07-16 17:38:39.973 = STORAGE_NOT_LOW TIMING_DELAY DEVICE_NOT_DOZING BACKGROUND_NOT_RESTRICTED WITHIN_QUOTA [0x83400008]
      2022-07-16 18:46:37.885 = STORAGE_NOT_LOW TIMING_DELAY DEADLINE DEVICE_NOT_DOZING BACKGROUND_NOT_RESTRICTED WITHIN_QUOTA [0xc3400008]
    Tracking: CONNECTIVITY STORAGE TIME QUOTA
    Implicit constraints:
      readyNotDozing: true
      readyNotRestrictedInBg: true
      readyComponentEnabled: true
    Network: 104
    Standby bucket: ACTIVE
    Enqueue time: 2022-07-15 18:43:02.809
    Run time: earliest=2022-07-16 17:31:02.809, latest=2022-07-16 18:43:02.809, original latest=2022-07-16 18:43:02.809
    Restricted due to: none.
    Ready: false (job=false user=true !restricted=true !pending=true !active=true !backingup=true comp=true)
  JOB #1000/100324: 92731b6 com.xunmeng.pinduoduo.tide_content_auth/com.xunmeng.pinduoduo.tide_account_type/拼多多-同步:android
    1000 tag=*job*/com.xunmeng.pinduoduo.tide_content_auth/com.xunmeng.pinduoduo.tide_account_type/拼多多-同步:android
    Source: uid=u0a106 user=0 pkg=com.xunmeng.pinduoduo
    JobInfo:
      Service: android/com.android.server.content.SyncJobService
      PERSISTED
      Requires: charging=false batteryNotLow=false deviceIdle=false
      Extras: {provider=com.xunmeng.pinduoduo.tide_content_auth, ejDowngradedToRegular=true, reason=10106, source=3, userId=0, expectedRuntime=1913152439, syncExemptionFlag=0, owningPackage=com.xunmeng.pinduoduo, SyncManagerJob=true, isPeriodic=false, allowParallelSyncs=false, periodMillis=0, sourcePeriodicId=-1, jobId=100324, owningUid=10106, flexMillis=0, accountName=拼多多-同步, accountType=com.xunmeng.pinduoduo.tide_account_type, retries=1, syncExtras=PersistableBundle[{ignore_settings=true, force=true}]}
      Network type: NetworkRequest [ NONE id=0, [ Capabilities: INTERNET&NOT_RESTRICTED&TRUSTED&VALIDATED&NOT_VCN_MANAGED Uid: 10106] ]
      Backoff: policy=1 initial=+30s0ms
    Required constraints: STORAGE_NOT_LOW CONNECTIVITY [0x10000008]
    Dynamic constraints:
    Satisfied constraints: STORAGE_NOT_LOW DEVICE_NOT_DOZING BACKGROUND_NOT_RESTRICTED WITHIN_QUOTA [0x3400008]
    Unsatisfied constraints: CONNECTIVITY [0x10000000]
    Constraint history:
      2022-07-30 21:58:12.643 = STORAGE_NOT_LOW [0x8]
      2022-07-30 21:58:12.643 = STORAGE_NOT_LOW BACKGROUND_NOT_RESTRICTED [0x400008]
      2022-07-30 21:58:12.643 = STORAGE_NOT_LOW DEVICE_NOT_DOZING BACKGROUND_NOT_RESTRICTED [0x2400008]
      2022-07-30 21:58:12.643 = STORAGE_NOT_LOW DEVICE_NOT_DOZING BACKGROUND_NOT_RESTRICTED WITHIN_QUOTA [0x3400008]
    Tracking: CONNECTIVITY STORAGE QUOTA
    Implicit constraints:
      readyNotDozing: true
      readyNotRestrictedInBg: true
      readyComponentEnabled: true
    Network: 104
    Standby bucket: ACTIVE
    Enqueue time: 2022-07-30 21:58:12.643
    Run time: earliest=none, latest=none, original latest=none
    Restricted due to: none.
    Ready: false (job=false user=true !restricted=true !pending=true !active=true !backingup=true comp=true)
  JOB #1000/765123: c6305a1 android/com.android.server.PruneInstantAppsJobService
    1000 tag=*job*/android/com.android.server.PruneInstantAppsJobService
    Source: uid=1000 user=0 pkg=android
    JobInfo:
      Service: android/com.android.server.PruneInstantAppsJobService
      PERIODIC: interval=+1d0h0m0s0ms flex=+1d0h0m0s0ms
      Requires: charging=false batteryNotLow=false deviceIdle=true
      Backoff: policy=1 initial=+30s0ms
      Has early constraint
      Has late constraint
    Required constraints: TIMING_DELAY DEADLINE IDLE [0xc0000004]
    Dynamic constraints:
    Satisfied constraints: DEVICE_NOT_DOZING BACKGROUND_NOT_RESTRICTED WITHIN_QUOTA [0x3400000]
    Unsatisfied constraints: TIMING_DELAY DEADLINE IDLE [0xc0000004]
    Constraint history:
      2022-08-01 19:14:01.049 = IDLE [0x4]
      2022-08-01 19:14:01.049 = IDLE BACKGROUND_NOT_RESTRICTED [0x400004]
      2022-08-01 19:14:01.049 = IDLE DEVICE_NOT_DOZING BACKGROUND_NOT_RESTRICTED [0x2400004]
      2022-08-01 19:14:01.049 = IDLE DEVICE_NOT_DOZING BACKGROUND_NOT_RESTRICTED WITHIN_QUOTA [0x3400004]
      2022-08-01 20:35:19.891 = DEVICE_NOT_DOZING BACKGROUND_NOT_RESTRICTED WITHIN_QUOTA [0x3400000]
    Uid: active
    Tracking: IDLE TIME QUOTA
    Implicit constraints:
      readyNotDozing: true
      readyNotRestrictedInBg: true
      readyComponentEnabled: true
    Standby bucket: ACTIVE
    Enqueue time: 2022-08-01 19:14:01.049
    Run time: earliest=2022-08-02 18:32:30.567, latest=2022-08-03 18:32:30.567, original latest=2022-08-03 18:32:30.567
    Last successful run: 2022-08-01 19:14:01
    Restricted due to: none.
    Ready: false (job=false user=true !restricted=true !pending=true !active=true !backingup=true comp=true)
  JOB #1000/882313: 2cd656 android/com.android.server.net.watchlist.ReportWatchlistJobService
    1000 tag=*job*/android/com.android.server.net.watchlist.ReportWatchlistJobService
    Source: uid=1000 user=0 pkg=android
    JobInfo:
      Service: android/com.android.server.net.watchlist.ReportWatchlistJobService
      PERIODIC: interval=+12h0m0s0ms flex=+12h0m0s0ms
      Requires: charging=false batteryNotLow=true deviceIdle=true
      Backoff: policy=1 initial=+30s0ms
      Has early constraint
      Has late constraint
    Required constraints: BATTERY_NOT_LOW TIMING_DELAY DEADLINE IDLE [0xc0000006]
    Dynamic constraints:
    Satisfied constraints: CHARGING BATTERY_NOT_LOW DEVICE_NOT_DOZING BACKGROUND_NOT_RESTRICTED WITHIN_QUOTA [0x3400003]
    Unsatisfied constraints: TIMING_DELAY DEADLINE IDLE [0xc0000004]
    Constraint history:
      2022-08-01 19:14:00.794 = IDLE [0x4]
      2022-08-01 19:14:00.794 = CHARGING IDLE [0x5]
      2022-08-01 19:14:00.794 = CHARGING BATTERY_NOT_LOW IDLE [0x7]
      2022-08-01 19:14:00.794 = CHARGING BATTERY_NOT_LOW IDLE BACKGROUND_NOT_RESTRICTED [0x400007]
      2022-08-01 19:14:00.794 = CHARGING BATTERY_NOT_LOW IDLE DEVICE_NOT_DOZING BACKGROUND_NOT_RESTRICTED [0x2400007]
      2022-08-01 19:14:00.794 = CHARGING BATTERY_NOT_LOW IDLE DEVICE_NOT_DOZING BACKGROUND_NOT_RESTRICTED WITHIN_QUOTA [0x3400007]
      2022-08-01 20:35:19.891 = CHARGING BATTERY_NOT_LOW DEVICE_NOT_DOZING BACKGROUND_NOT_RESTRICTED WITHIN_QUOTA [0x3400003]
    Uid: active
    Tracking: BATTERY IDLE TIME QUOTA
    Implicit constraints:
      readyNotDozing: true
      readyNotRestrictedInBg: true
      readyComponentEnabled: true
    Standby bucket: ACTIVE
    Enqueue time: 2022-08-01 19:14:00.794
    Run time: earliest=2022-08-02 06:32:30.996, latest=2022-08-02 18:32:30.996, original latest=2022-08-02 18:32:30.996
    Last successful run: 2022-08-01 19:14:00
    Restricted due to: none.
    Ready: false (job=false user=true !restricted=true !pending=true !active=true !backingup=true comp=true)
  JOB #1000/2030028: e1b02e android/com.android.server.pm.DynamicCodeLoggingService
    1000 tag=*job*/android/com.android.server.pm.DynamicCodeLoggingService
    Source: uid=1000 user=0 pkg=android
    JobInfo:
      Service: android/com.android.server.pm.DynamicCodeLoggingService
      PERIODIC: interval=+1d0h0m0s0ms flex=+1d0h0m0s0ms
      Requires: charging=true batteryNotLow=false deviceIdle=true
      Backoff: policy=1 initial=+30s0ms
      Has early constraint
      Has late constraint
    Required constraints: CHARGING TIMING_DELAY DEADLINE IDLE [0xc0000005]
    Dynamic constraints:
    Satisfied constraints: CHARGING BATTERY_NOT_LOW DEVICE_NOT_DOZING BACKGROUND_NOT_RESTRICTED WITHIN_QUOTA [0x3400003]
    Unsatisfied constraints: TIMING_DELAY DEADLINE IDLE [0xc0000004]
    Constraint history:
      2022-08-01 19:14:03.257 = IDLE [0x4]
      2022-08-01 19:14:03.257 = CHARGING IDLE [0x5]
      2022-08-01 19:14:03.257 = CHARGING BATTERY_NOT_LOW IDLE [0x7]
      2022-08-01 19:14:03.257 = CHARGING BATTERY_NOT_LOW IDLE BACKGROUND_NOT_RESTRICTED [0x400007]
      2022-08-01 19:14:03.257 = CHARGING BATTERY_NOT_LOW IDLE DEVICE_NOT_DOZING BACKGROUND_NOT_RESTRICTED [0x2400007]
      2022-08-01 19:14:03.257 = CHARGING BATTERY_NOT_LOW IDLE DEVICE_NOT_DOZING BACKGROUND_NOT_RESTRICTED WITHIN_QUOTA [0x3400007]
      2022-08-01 20:35:19.891 = CHARGING BATTERY_NOT_LOW DEVICE_NOT_DOZING BACKGROUND_NOT_RESTRICTED WITHIN_QUOTA [0x3400003]
    Uid: active
    Tracking: BATTERY IDLE TIME QUOTA
    Implicit constraints:
      readyNotDozing: true
      readyNotRestrictedInBg: true
      readyComponentEnabled: true
    Standby bucket: ACTIVE
    Enqueue time: 2022-08-01 19:14:03.257
    Run time: earliest=2022-08-02 18:32:30.566, latest=2022-08-03 18:32:30.566, original latest=2022-08-03 18:32:30.566
    Last successful run: 2022-08-01 19:14:03
    Restricted due to: none.
    Ready: false (job=false user=true !restricted=true !pending=true !active=true !backingup=true comp=true)
  JOB #1000/3923512: fc79df4 android/com.android.server.display.BrightnessIdleJob
    1000 tag=*job*/android/com.android.server.display.BrightnessIdleJob
    Source: uid=1000 user=0 pkg=android
    JobInfo:
      Service: android/com.android.server.display.BrightnessIdleJob
      PERIODIC: interval=+1d0h0m0s0ms flex=+1d0h0m0s0ms
      Requires: charging=true batteryNotLow=false deviceIdle=true
      Backoff: policy=1 initial=+30s0ms
      Has early constraint
      Has late constraint
    Required constraints: CHARGING TIMING_DELAY DEADLINE IDLE [0xc0000005]
    Dynamic constraints:
    Satisfied constraints: CHARGING BATTERY_NOT_LOW DEVICE_NOT_DOZING BACKGROUND_NOT_RESTRICTED WITHIN_QUOTA [0x3400003]
    Unsatisfied constraints: TIMING_DELAY DEADLINE IDLE [0xc0000004]
    Constraint history:
      2022-08-01 19:14:00.806 = IDLE [0x4]
      2022-08-01 19:14:00.806 = CHARGING IDLE [0x5]
      2022-08-01 19:14:00.806 = CHARGING BATTERY_NOT_LOW IDLE [0x7]
      2022-08-01 19:14:00.806 = CHARGING BATTERY_NOT_LOW IDLE BACKGROUND_NOT_RESTRICTED [0x400007]
      2022-08-01 19:14:00.806 = CHARGING BATTERY_NOT_LOW IDLE DEVICE_NOT_DOZING BACKGROUND_NOT_RESTRICTED [0x2400007]
      2022-08-01 19:14:00.806 = CHARGING BATTERY_NOT_LOW IDLE DEVICE_NOT_DOZING BACKGROUND_NOT_RESTRICTED WITHIN_QUOTA [0x3400007]
      2022-08-01 20:35:19.891 = CHARGING BATTERY_NOT_LOW DEVICE_NOT_DOZING BACKGROUND_NOT_RESTRICTED WITHIN_QUOTA [0x3400003]
    Uid: active
    Tracking: BATTERY IDLE TIME QUOTA
    Implicit constraints:
      readyNotDozing: true
      readyNotRestrictedInBg: true
      readyComponentEnabled: true
    Standby bucket: ACTIVE
    Enqueue time: 2022-08-01 19:14:00.806
    Run time: earliest=2022-08-02 18:32:30.719, latest=2022-08-03 18:32:30.719, original latest=2022-08-03 18:32:30.719
    Last successful run: 2022-08-01 19:14:00
    Restricted due to: none.
    Ready: false (job=false user=true !restricted=true !pending=true !active=true !backingup=true comp=true)
  JOB #1000/13254266: eb19594 android/com.android.server.camera.CameraStatsJobService
    1000 tag=*job*/android/com.android.server.camera.CameraStatsJobService
    Source: uid=1000 user=0 pkg=android
    JobInfo:
      Service: android/com.android.server.camera.CameraStatsJobService
      Requires: charging=false batteryNotLow=false deviceIdle=true
      Minimum latency: +1d0h0m0s0ms
      Backoff: policy=1 initial=+30s0ms
      Has early constraint
    Required constraints: TIMING_DELAY IDLE [0x80000004]
    Dynamic constraints:
    Satisfied constraints: DEVICE_NOT_DOZING BACKGROUND_NOT_RESTRICTED WITHIN_QUOTA [0x3400000]
    Unsatisfied constraints: TIMING_DELAY IDLE [0x80000004]
    Constraint history:
      2022-08-01 02:44:01.729 = IDLE [0x4]
      2022-08-01 02:44:01.729 = IDLE BACKGROUND_NOT_RESTRICTED [0x400004]
      2022-08-01 02:44:01.729 = IDLE DEVICE_NOT_DOZING BACKGROUND_NOT_RESTRICTED [0x2400004]
      2022-08-01 02:44:01.729 = IDLE DEVICE_NOT_DOZING BACKGROUND_NOT_RESTRICTED WITHIN_QUOTA [0x3400004]
      2022-08-01 16:20:02.570 = DEVICE_NOT_DOZING BACKGROUND_NOT_RESTRICTED WITHIN_QUOTA [0x3400000]
      2022-08-01 17:05:28.495 = IDLE DEVICE_NOT_DOZING BACKGROUND_NOT_RESTRICTED WITHIN_QUOTA [0x3400004]
      2022-08-01 17:30:41.783 = DEVICE_NOT_DOZING BACKGROUND_NOT_RESTRICTED WITHIN_QUOTA [0x3400000]
      2022-08-01 19:14:00.697 = IDLE DEVICE_NOT_DOZING BACKGROUND_NOT_RESTRICTED WITHIN_QUOTA [0x3400004]
      2022-08-01 20:35:19.891 = DEVICE_NOT_DOZING BACKGROUND_NOT_RESTRICTED WITHIN_QUOTA [0x3400000]
    Uid: active
    Tracking: IDLE TIME QUOTA
    Implicit constraints:
      readyNotDozing: true
      readyNotRestrictedInBg: true
      readyComponentEnabled: true
    Standby bucket: ACTIVE
    Enqueue time: 2022-08-01 02:44:01.729
    Run time: earliest=2022-08-02 02:44:01.728, latest=none, original latest=none
    Restricted due to: none.
    Ready: false (job=false user=true !restricted=true !pending=true !active=true !backingup=true comp=true)
  JOB #1000/52417896: 791d61e android/com.android.server.backup.KeyValueBackupJob
    1000 tag=*job*/android/com.android.server.backup.KeyValueBackupJob
    Source: uid=1000 user=0 pkg=android
    JobInfo:
      Service: android/com.android.server.backup.KeyValueBackupJob
      Requires: charging=true batteryNotLow=false deviceIdle=false
      Transient extras: {userId=0}
      Network type: NetworkRequest [ NONE id=0, [ Capabilities: INTERNET&NOT_RESTRICTED&TRUSTED&VALIDATED&NOT_VCN_MANAGED Uid: 1000] ]
      Minimum latency: +4h7m7s496ms
      Max execution delay: +1d0h0m0s0ms
      Backoff: policy=1 initial=+30s0ms
      Has early constraint
      Has late constraint
    Required constraints: CHARGING TIMING_DELAY DEADLINE CONNECTIVITY [0xd0000001]
    Dynamic constraints:
    Satisfied constraints: CHARGING BATTERY_NOT_LOW TIMING_DELAY DEVICE_NOT_DOZING BACKGROUND_NOT_RESTRICTED WITHIN_QUOTA [0x83400003]
    Unsatisfied constraints: DEADLINE CONNECTIVITY [0x50000000]
    Constraint history:
      2022-08-01 07:00:01.561 = BATTERY_NOT_LOW [0x2]
      2022-08-01 07:00:01.561 = BATTERY_NOT_LOW BACKGROUND_NOT_RESTRICTED [0x400002]
      2022-08-01 07:00:01.561 = BATTERY_NOT_LOW DEVICE_NOT_DOZING BACKGROUND_NOT_RESTRICTED [0x2400002]
      2022-08-01 07:00:01.561 = BATTERY_NOT_LOW DEVICE_NOT_DOZING BACKGROUND_NOT_RESTRICTED WITHIN_QUOTA [0x3400002]
      2022-08-01 11:08:23.426 = BATTERY_NOT_LOW TIMING_DELAY DEVICE_NOT_DOZING BACKGROUND_NOT_RESTRICTED WITHIN_QUOTA [0x83400002]
      2022-08-01 17:47:09.835 = CHARGING BATTERY_NOT_LOW TIMING_DELAY DEVICE_NOT_DOZING BACKGROUND_NOT_RESTRICTED WITHIN_QUOTA [0x83400003]
    Uid: active
    Tracking: BATTERY CONNECTIVITY TIME QUOTA
    Implicit constraints:
      readyNotDozing: true
      readyNotRestrictedInBg: true
      readyDeadlineSatisfied: false
      readyComponentEnabled: true
    Network: 104
    Standby bucket: ACTIVE
    Enqueue time: 2022-08-01 07:00:01.561
    Run time: earliest=2022-08-01 11:07:09.056, latest=2022-08-02 07:00:01.560, original latest=2022-08-02 07:00:01.560
    Restricted due to: none.
    Ready: false (job=false user=true !restricted=true !pending=true !active=true !backingup=true comp=true)
  JOB #1000/191934935: bbe3f87 android/com.android.server.blob.BlobStoreIdleJobService
    1000 tag=*job*/android/com.android.server.blob.BlobStoreIdleJobService
    Source: uid=1000 user=0 pkg=android
    JobInfo:
      Service: android/com.android.server.blob.BlobStoreIdleJobService
      PERIODIC: interval=+1d0h0m0s0ms flex=+1d0h0m0s0ms
      Requires: charging=true batteryNotLow=false deviceIdle=true
      Backoff: policy=1 initial=+30s0ms
      Has early constraint
      Has late constraint
    Required constraints: CHARGING TIMING_DELAY DEADLINE IDLE [0xc0000005]
    Dynamic constraints:
    Satisfied constraints: CHARGING BATTERY_NOT_LOW DEVICE_NOT_DOZING BACKGROUND_NOT_RESTRICTED WITHIN_QUOTA [0x3400003]
    Unsatisfied constraints: TIMING_DELAY DEADLINE IDLE [0xc0000004]
    Constraint history:
      2022-08-01 19:14:01.050 = IDLE [0x4]
      2022-08-01 19:14:01.050 = CHARGING IDLE [0x5]
      2022-08-01 19:14:01.050 = CHARGING BATTERY_NOT_LOW IDLE [0x7]
      2022-08-01 19:14:01.050 = CHARGING BATTERY_NOT_LOW IDLE BACKGROUND_NOT_RESTRICTED [0x400007]
      2022-08-01 19:14:01.050 = CHARGING BATTERY_NOT_LOW IDLE DEVICE_NOT_DOZING BACKGROUND_NOT_RESTRICTED [0x2400007]
      2022-08-01 19:14:01.050 = CHARGING BATTERY_NOT_LOW IDLE DEVICE_NOT_DOZING BACKGROUND_NOT_RESTRICTED WITHIN_QUOTA [0x3400007]
      2022-08-01 20:35:19.891 = CHARGING BATTERY_NOT_LOW DEVICE_NOT_DOZING BACKGROUND_NOT_RESTRICTED WITHIN_QUOTA [0x3400003]
    Uid: active
    Tracking: BATTERY IDLE TIME QUOTA
    Implicit constraints:
      readyNotDozing: true
      readyNotRestrictedInBg: true
      readyComponentEnabled: true
    Standby bucket: ACTIVE
    Enqueue time: 2022-08-01 19:14:01.050
    Run time: earliest=2022-08-02 18:32:32.980, latest=2022-08-03 18:32:32.980, original latest=2022-08-03 18:32:32.980
    Last successful run: 2022-08-01 19:14:01
    Restricted due to: none.
    Ready: false (job=false user=true !restricted=true !pending=true !active=true !backingup=true comp=true)
  JOB #1000/203142925: 32905af android/com.android.server.pm.DynamicCodeLoggingService
    1000 tag=*job*/android/com.android.server.pm.DynamicCodeLoggingService
    Source: uid=1000 user=0 pkg=android
    JobInfo:
      Service: android/com.android.server.pm.DynamicCodeLoggingService
      PERIODIC: interval=+2h0m0s0ms flex=+2h0m0s0ms
      Requires: charging=false batteryNotLow=true deviceIdle=true
      Backoff: policy=1 initial=+30s0ms
      Has early constraint
      Has late constraint
    Required constraints: BATTERY_NOT_LOW TIMING_DELAY DEADLINE IDLE [0xc0000006]
    Dynamic constraints:
    Satisfied constraints: CHARGING BATTERY_NOT_LOW DEVICE_NOT_DOZING BACKGROUND_NOT_RESTRICTED WITHIN_QUOTA [0x3400003]
    Unsatisfied constraints: TIMING_DELAY DEADLINE IDLE [0xc0000004]
    Constraint history:
      2022-08-01 20:33:36.856 = IDLE [0x4]
      2022-08-01 20:33:36.856 = CHARGING IDLE [0x5]
      2022-08-01 20:33:36.856 = CHARGING BATTERY_NOT_LOW IDLE [0x7]
      2022-08-01 20:33:36.856 = CHARGING BATTERY_NOT_LOW IDLE BACKGROUND_NOT_RESTRICTED [0x400007]
      2022-08-01 20:33:36.856 = CHARGING BATTERY_NOT_LOW IDLE DEVICE_NOT_DOZING BACKGROUND_NOT_RESTRICTED [0x2400007]
      2022-08-01 20:33:36.856 = CHARGING BATTERY_NOT_LOW IDLE DEVICE_NOT_DOZING BACKGROUND_NOT_RESTRICTED WITHIN_QUOTA [0x3400007]
      2022-08-01 20:35:19.891 = CHARGING BATTERY_NOT_LOW DEVICE_NOT_DOZING BACKGROUND_NOT_RESTRICTED WITHIN_QUOTA [0x3400003]
    Uid: active
    Tracking: BATTERY IDLE TIME QUOTA
    Implicit constraints:
      readyNotDozing: true
      readyNotRestrictedInBg: true
      readyComponentEnabled: true
    Standby bucket: ACTIVE
    Enqueue time: 2022-08-01 20:33:36.856
    Run time: earliest=2022-08-01 22:32:30.567, latest=2022-08-02 00:32:30.567, original latest=2022-08-02 00:32:30.567
    Last successful run: 2022-08-01 20:33:36
    Last failed run: 2022-07-21 20:37:01
    Restricted due to: none.
    Ready: false (job=false user=true !restricted=true !pending=true !active=true !backingup=true comp=true)
  JOB #1000/204561367: e458106 android/com.android.server.people.data.DataMaintenanceService
    1000 tag=*job*/android/com.android.server.people.data.DataMaintenanceService
    Source: uid=1000 user=0 pkg=android
    JobInfo:
      Service: android/com.android.server.people.data.DataMaintenanceService
      PERIODIC: interval=+1d0h0m0s0ms flex=+1d0h0m0s0ms
      Requires: charging=false batteryNotLow=false deviceIdle=true
      Backoff: policy=1 initial=+30s0ms
      Has early constraint
      Has late constraint
    Required constraints: TIMING_DELAY DEADLINE IDLE [0xc0000004]
    Dynamic constraints:
    Satisfied constraints: DEVICE_NOT_DOZING BACKGROUND_NOT_RESTRICTED WITHIN_QUOTA [0x3400000]
    Unsatisfied constraints: TIMING_DELAY DEADLINE IDLE [0xc0000004]
    Constraint history:
      2022-08-01 19:14:00.803 = IDLE [0x4]
      2022-08-01 19:14:00.803 = IDLE BACKGROUND_NOT_RESTRICTED [0x400004]
      2022-08-01 19:14:00.803 = IDLE DEVICE_NOT_DOZING BACKGROUND_NOT_RESTRICTED [0x2400004]
      2022-08-01 19:14:00.803 = IDLE DEVICE_NOT_DOZING BACKGROUND_NOT_RESTRICTED WITHIN_QUOTA [0x3400004]
      2022-08-01 20:35:19.891 = DEVICE_NOT_DOZING BACKGROUND_NOT_RESTRICTED WITHIN_QUOTA [0x3400000]
    Uid: active
    Tracking: IDLE TIME QUOTA
    Implicit constraints:
      readyNotDozing: true
      readyNotRestrictedInBg: true
      readyComponentEnabled: true
    Standby bucket: ACTIVE
    Enqueue time: 2022-08-01 19:14:00.803
    Run time: earliest=2022-08-02 18:32:33.421, latest=2022-08-03 18:32:33.421, original latest=2022-08-03 18:32:33.421
    Last successful run: 2022-08-01 19:14:00
    Restricted due to: none.
    Ready: false (job=false user=true !restricted=true !pending=true !active=true !backingup=true comp=true)
  JOB #1000/1145656139: a6a6010 android/com.android.server.storage.DiskStatsLoggingService
    1000 tag=*job*/android/com.android.server.storage.DiskStatsLoggingService
    Source: uid=1000 user=0 pkg=android
    JobInfo:
      Service: android/com.android.server.storage.DiskStatsLoggingService
      PERIODIC: interval=+1d0h0m0s0ms flex=+1d0h0m0s0ms
      Requires: charging=true batteryNotLow=false deviceIdle=true
      Backoff: policy=1 initial=+30s0ms
      Has early constraint
      Has late constraint
    Required constraints: CHARGING TIMING_DELAY DEADLINE IDLE [0xc0000005]
    Dynamic constraints:
    Satisfied constraints: CHARGING BATTERY_NOT_LOW DEVICE_NOT_DOZING BACKGROUND_NOT_RESTRICTED WITHIN_QUOTA [0x3400003]
    Unsatisfied constraints: TIMING_DELAY DEADLINE IDLE [0xc0000004]
    Constraint history:
      2022-08-01 19:14:01.259 = IDLE [0x4]
      2022-08-01 19:14:01.259 = CHARGING IDLE [0x5]
      2022-08-01 19:14:01.259 = CHARGING BATTERY_NOT_LOW IDLE [0x7]
      2022-08-01 19:14:01.259 = CHARGING BATTERY_NOT_LOW IDLE BACKGROUND_NOT_RESTRICTED [0x400007]
      2022-08-01 19:14:01.259 = CHARGING BATTERY_NOT_LOW IDLE DEVICE_NOT_DOZING BACKGROUND_NOT_RESTRICTED [0x2400007]
      2022-08-01 19:14:01.259 = CHARGING BATTERY_NOT_LOW IDLE DEVICE_NOT_DOZING BACKGROUND_NOT_RESTRICTED WITHIN_QUOTA [0x3400007]
      2022-08-01 20:35:19.891 = CHARGING BATTERY_NOT_LOW DEVICE_NOT_DOZING BACKGROUND_NOT_RESTRICTED WITHIN_QUOTA [0x3400003]
    Uid: active
    Tracking: BATTERY IDLE TIME QUOTA
    Implicit constraints:
      readyNotDozing: true
      readyNotRestrictedInBg: true
      readyComponentEnabled: true
    Standby bucket: ACTIVE
    Enqueue time: 2022-08-01 19:14:01.259
    Run time: earliest=2022-08-02 18:32:30.542, latest=2022-08-03 18:32:30.542, original latest=2022-08-03 18:32:30.542
    Last successful run: 2022-08-01 19:14:01
    Restricted due to: none.
    Ready: false (job=false user=true !restricted=true !pending=true !active=true !backingup=true comp=true)
  JOB #1000/2131427341: 7142cf0 com.android.settings/.fuelgauge.batterytip.AnomalyCleanupJobService
    1000 tag=*job*/com.android.settings/.fuelgauge.batterytip.AnomalyCleanupJobService
    Source: uid=1000 user=0 pkg=com.android.settings
    JobInfo:
      Service: com.android.settings/.fuelgauge.batterytip.AnomalyCleanupJobService
      PERIODIC: interval=+1d0h0m0s0ms flex=+1d0h0m0s0ms
      PERSISTED
      Requires: charging=true batteryNotLow=false deviceIdle=true
      Backoff: policy=1 initial=+30s0ms
      Has early constraint
      Has late constraint
    Required constraints: CHARGING TIMING_DELAY DEADLINE IDLE [0xc0000005]
    Dynamic constraints:
    Satisfied constraints: CHARGING BATTERY_NOT_LOW DEVICE_NOT_DOZING BACKGROUND_NOT_RESTRICTED WITHIN_QUOTA [0x3400003]
    Unsatisfied constraints: TIMING_DELAY DEADLINE IDLE [0xc0000004]
    Constraint history:
      2022-08-01 19:14:00.939 = IDLE [0x4]
      2022-08-01 19:14:00.939 = CHARGING IDLE [0x5]
      2022-08-01 19:14:00.939 = CHARGING BATTERY_NOT_LOW IDLE [0x7]
      2022-08-01 19:14:00.939 = CHARGING BATTERY_NOT_LOW IDLE BACKGROUND_NOT_RESTRICTED [0x400007]
      2022-08-01 19:14:00.939 = CHARGING BATTERY_NOT_LOW IDLE DEVICE_NOT_DOZING BACKGROUND_NOT_RESTRICTED [0x2400007]
      2022-08-01 19:14:00.939 = CHARGING BATTERY_NOT_LOW IDLE DEVICE_NOT_DOZING BACKGROUND_NOT_RESTRICTED WITHIN_QUOTA [0x3400007]
      2022-08-01 20:35:19.891 = CHARGING BATTERY_NOT_LOW DEVICE_NOT_DOZING BACKGROUND_NOT_RESTRICTED WITHIN_QUOTA [0x3400003]
    Uid: active
    Tracking: BATTERY IDLE TIME QUOTA
    Implicit constraints:
      readyNotDozing: true
      readyNotRestrictedInBg: true
      readyComponentEnabled: true
    Standby bucket: ACTIVE
    Enqueue time: 2022-08-01 19:14:00.939
    Run time: earliest=2022-08-02 18:32:30.524, latest=2022-08-03 18:32:30.524, original latest=2022-08-03 18:32:30.524
    Last successful run: 2022-08-01 19:14:00
    Last failed run: 2022-08-10 16:06:45
    Restricted due to: none.
    Ready: false (job=false user=true !restricted=true !pending=true !active=true !backingup=true comp=true)
  JOB #1000/2131427342: e0ae4ee com.android.settings/.fuelgauge.batterytip.AnomalyConfigJobService
    1000 tag=*job*/com.android.settings/.fuelgauge.batterytip.AnomalyConfigJobService
    Source: uid=1000 user=0 pkg=com.android.settings
    JobInfo:
      Service: com.android.settings/.fuelgauge.batterytip.AnomalyConfigJobService
      PERIODIC: interval=+1d0h0m0s0ms flex=+1d0h0m0s0ms
      PERSISTED
      Requires: charging=true batteryNotLow=false deviceIdle=true
      Backoff: policy=1 initial=+30s0ms
      Has early constraint
      Has late constraint
    Required constraints: CHARGING TIMING_DELAY DEADLINE IDLE [0xc0000005]
    Dynamic constraints:
    Satisfied constraints: CHARGING BATTERY_NOT_LOW DEVICE_NOT_DOZING BACKGROUND_NOT_RESTRICTED WITHIN_QUOTA [0x3400003]
    Unsatisfied constraints: TIMING_DELAY DEADLINE IDLE [0xc0000004]
    Constraint history:
      2022-08-01 19:14:00.944 = IDLE [0x4]
      2022-08-01 19:14:00.944 = CHARGING IDLE [0x5]
      2022-08-01 19:14:00.944 = CHARGING BATTERY_NOT_LOW IDLE [0x7]
      2022-08-01 19:14:00.944 = CHARGING BATTERY_NOT_LOW IDLE BACKGROUND_NOT_RESTRICTED [0x400007]
      2022-08-01 19:14:00.944 = CHARGING BATTERY_NOT_LOW IDLE DEVICE_NOT_DOZING BACKGROUND_NOT_RESTRICTED [0x2400007]
      2022-08-01 19:14:00.944 = CHARGING BATTERY_NOT_LOW IDLE DEVICE_NOT_DOZING BACKGROUND_NOT_RESTRICTED WITHIN_QUOTA [0x3400007]
      2022-08-01 20:35:19.891 = CHARGING BATTERY_NOT_LOW DEVICE_NOT_DOZING BACKGROUND_NOT_RESTRICTED WITHIN_QUOTA [0x3400003]
    Uid: active
    Tracking: BATTERY IDLE TIME QUOTA
    Implicit constraints:
      readyNotDozing: true
      readyNotRestrictedInBg: true
      readyComponentEnabled: true
    Standby bucket: ACTIVE
    Enqueue time: 2022-08-01 19:14:00.944
    Run time: earliest=2022-08-02 18:32:30.525, latest=2022-08-03 18:32:30.525, original latest=2022-08-03 18:32:30.525
    Last successful run: 2022-08-01 19:14:00
    Last failed run: 2022-08-10 16:06:45
    Restricted due to: none.
    Ready: false (job=false user=true !restricted=true !pending=true !active=true !backingup=true comp=true)
  JOB #1073/3345678: 41bc078 com.android.networkstack/com.android.server.connectivity.ipmemorystore.RegularMaintenanceJobService
    1073 tag=*job*/com.android.networkstack/com.android.server.connectivity.ipmemorystore.RegularMaintenanceJobService
    Source: uid=1073 user=0 pkg=com.android.networkstack
    JobInfo:
      Service: com.android.networkstack/com.android.server.connectivity.ipmemorystore.RegularMaintenanceJobService
      PERIODIC: interval=+1d0h0m0s0ms flex=+1d0h0m0s0ms
      Requires: charging=true batteryNotLow=true deviceIdle=true
      Backoff: policy=1 initial=+30s0ms
      Has early constraint
      Has late constraint
    Required constraints: CHARGING BATTERY_NOT_LOW TIMING_DELAY DEADLINE IDLE [0xc0000007]
    Dynamic constraints:
    Satisfied constraints: CHARGING BATTERY_NOT_LOW DEVICE_NOT_DOZING BACKGROUND_NOT_RESTRICTED WITHIN_QUOTA [0x3400003]
    Unsatisfied constraints: TIMING_DELAY DEADLINE IDLE [0xc0000004]
    Constraint history:
      2022-08-01 19:14:00.825 = IDLE [0x4]
      2022-08-01 19:14:00.825 = CHARGING IDLE [0x5]
      2022-08-01 19:14:00.825 = CHARGING BATTERY_NOT_LOW IDLE [0x7]
      2022-08-01 19:14:00.825 = CHARGING BATTERY_NOT_LOW IDLE BACKGROUND_NOT_RESTRICTED [0x400007]
      2022-08-01 19:14:00.825 = CHARGING BATTERY_NOT_LOW IDLE DEVICE_NOT_DOZING BACKGROUND_NOT_RESTRICTED [0x2400007]
      2022-08-01 19:14:00.825 = CHARGING BATTERY_NOT_LOW IDLE DEVICE_NOT_DOZING BACKGROUND_NOT_RESTRICTED WITHIN_QUOTA [0x3400007]
      2022-08-01 20:35:19.891 = CHARGING BATTERY_NOT_LOW DEVICE_NOT_DOZING BACKGROUND_NOT_RESTRICTED WITHIN_QUOTA [0x3400003]
    Uid: active
    Tracking: BATTERY IDLE TIME QUOTA
    Implicit constraints:
      readyNotDozing: true
      readyNotRestrictedInBg: true
      readyComponentEnabled: true
    Standby bucket: ACTIVE
    Enqueue time: 2022-08-01 19:14:00.825
    Run time: earliest=2022-08-02 18:32:31.653, latest=2022-08-03 18:32:31.653, original latest=2022-08-03 18:32:31.653
    Last successful run: 2022-08-01 19:14:00
    Restricted due to: none.
    Ready: false (job=false user=true !restricted=true !pending=true !active=true !backingup=true comp=true)
  JOB #u0a28/-100: 945b351 com.android.providers.downloads/.DownloadIdleService
    u0a28 tag=*job*/com.android.providers.downloads/.DownloadIdleService
    Source: uid=u0a28 user=0 pkg=com.android.providers.downloads
    JobInfo:
      Service: com.android.providers.downloads/.DownloadIdleService
      PERIODIC: interval=+12h0m0s0ms flex=+12h0m0s0ms
      Requires: charging=true batteryNotLow=false deviceIdle=true
      Backoff: policy=1 initial=+30s0ms
      Has early constraint
      Has late constraint
    Required constraints: CHARGING TIMING_DELAY DEADLINE IDLE [0xc0000005]
    Dynamic constraints:
    Satisfied constraints: CHARGING BATTERY_NOT_LOW DEVICE_NOT_DOZING BACKGROUND_NOT_RESTRICTED WITHIN_QUOTA [0x3400003]
    Unsatisfied constraints: TIMING_DELAY DEADLINE IDLE [0xc0000004]
    Constraint history:
      2022-08-01 19:14:00.827 = IDLE [0x4]
      2022-08-01 19:14:00.827 = CHARGING IDLE [0x5]
      2022-08-01 19:14:00.827 = CHARGING BATTERY_NOT_LOW IDLE [0x7]
      2022-08-01 19:14:00.827 = CHARGING BATTERY_NOT_LOW IDLE BACKGROUND_NOT_RESTRICTED [0x400007]
      2022-08-01 19:14:00.827 = CHARGING BATTERY_NOT_LOW IDLE DEVICE_NOT_DOZING BACKGROUND_NOT_RESTRICTED [0x2400007]
      2022-08-01 19:14:00.827 = CHARGING BATTERY_NOT_LOW IDLE DEVICE_NOT_DOZING BACKGROUND_NOT_RESTRICTED WITHIN_QUOTA [0x3400007]
      2022-08-01 20:35:19.891 = CHARGING BATTERY_NOT_LOW DEVICE_NOT_DOZING BACKGROUND_NOT_RESTRICTED WITHIN_QUOTA [0x3400003]
    Tracking: BATTERY IDLE TIME QUOTA
    Implicit constraints:
      readyNotDozing: true
      readyNotRestrictedInBg: true
      readyComponentEnabled: true
    Standby bucket: ACTIVE
    Enqueue time: 2022-08-01 19:14:00.827
    Run time: earliest=2022-08-02 06:32:39.790, latest=2022-08-02 18:32:39.790, original latest=2022-08-02 18:32:39.790
    Last successful run: 2022-08-01 19:14:00
    Restricted due to: none.
    Ready: false (job=false user=true !restricted=true !pending=true !active=true !backingup=true comp=true)
  JOB #u0a40/4: bc65eac com.android.statementservice/androidx.work.impl.background.systemjob.SystemJobService
    u0a40 tag=*job*/com.android.statementservice/androidx.work.impl.background.systemjob.SystemJobService
    Source: uid=u0a40 user=0 pkg=com.android.statementservice
    JobInfo:
      Service: com.android.statementservice/androidx.work.impl.background.systemjob.SystemJobService
      Requires: charging=false batteryNotLow=false deviceIdle=true
      Extras: mParcelledData.dataSize=180
      Minimum latency: +86d3h12m38s170ms
      Backoff: policy=1 initial=+30s0ms
      Has early constraint
    Required constraints: TIMING_DELAY IDLE [0x80000004]
    Dynamic constraints:
    Satisfied constraints: DEVICE_NOT_DOZING BACKGROUND_NOT_RESTRICTED WITHIN_QUOTA [0x3400000]
    Unsatisfied constraints: TIMING_DELAY IDLE [0x80000004]
    Constraint history:
      2022-07-30 19:44:00.696 = IDLE DEVICE_NOT_DOZING BACKGROUND_NOT_RESTRICTED WITHIN_QUOTA [0x3400004]
      2022-07-30 20:32:50.646 = DEVICE_NOT_DOZING BACKGROUND_NOT_RESTRICTED WITHIN_QUOTA [0x3400000]
      2022-07-31 02:40:18.254 = IDLE DEVICE_NOT_DOZING BACKGROUND_NOT_RESTRICTED WITHIN_QUOTA [0x3400004]
      2022-07-31 08:40:56.873 = DEVICE_NOT_DOZING BACKGROUND_NOT_RESTRICTED WITHIN_QUOTA [0x3400000]
      2022-07-31 09:21:40.225 = IDLE DEVICE_NOT_DOZING BACKGROUND_NOT_RESTRICTED WITHIN_QUOTA [0x3400004]
      2022-08-01 16:20:02.570 = DEVICE_NOT_DOZING BACKGROUND_NOT_RESTRICTED WITHIN_QUOTA [0x3400000]
      2022-08-01 17:05:28.495 = IDLE DEVICE_NOT_DOZING BACKGROUND_NOT_RESTRICTED WITHIN_QUOTA [0x3400004]
      2022-08-01 17:30:41.783 = DEVICE_NOT_DOZING BACKGROUND_NOT_RESTRICTED WITHIN_QUOTA [0x3400000]
      2022-08-01 19:14:00.697 = IDLE DEVICE_NOT_DOZING BACKGROUND_NOT_RESTRICTED WITHIN_QUOTA [0x3400004]
      2022-08-01 20:35:19.891 = DEVICE_NOT_DOZING BACKGROUND_NOT_RESTRICTED WITHIN_QUOTA [0x3400000]
    Tracking: IDLE TIME QUOTA
    Implicit constraints:
      readyNotDozing: true
      readyNotRestrictedInBg: true
      readyComponentEnabled: true
    Standby bucket: ACTIVE
    Enqueue time: 2022-07-11 16:16:04.486
    Run time: earliest=2022-08-17 02:25:55.360, latest=none, original latest=none
    Restricted due to: none.
    Ready: false (job=false user=true !restricted=true !pending=true !active=true !backingup=true comp=true)
  JOB #u0a40/21: 956e775 com.android.statementservice/androidx.work.impl.background.systemjob.SystemJobService
    u0a40 tag=*job*/com.android.statementservice/androidx.work.impl.background.systemjob.SystemJobService
    Source: uid=u0a40 user=0 pkg=com.android.statementservice
    JobInfo:
      Service: com.android.statementservice/androidx.work.impl.background.systemjob.SystemJobService
      Requires: charging=false batteryNotLow=false deviceIdle=true
      Extras: mParcelledData.dataSize=180
      Network type: NetworkRequest [ NONE id=0, [ Capabilities: INTERNET&NOT_RESTRICTED&TRUSTED&VALIDATED&NOT_VCN_MANAGED Uid: 10040] ]
      Minimum latency: +34d20h16m21s751ms
      Backoff: policy=1 initial=+30s0ms
      Has early constraint
    Required constraints: TIMING_DELAY IDLE CONNECTIVITY [0x90000004]
    Dynamic constraints:
    Satisfied constraints: DEVICE_NOT_DOZING BACKGROUND_NOT_RESTRICTED WITHIN_QUOTA [0x3400000]
    Unsatisfied constraints: TIMING_DELAY IDLE CONNECTIVITY [0x90000004]
    Constraint history:
      2022-07-30 19:44:00.696 = IDLE DEVICE_NOT_DOZING BACKGROUND_NOT_RESTRICTED WITHIN_QUOTA [0x3400004]
      2022-07-30 20:32:50.646 = DEVICE_NOT_DOZING BACKGROUND_NOT_RESTRICTED WITHIN_QUOTA [0x3400000]
      2022-07-31 02:40:18.254 = IDLE DEVICE_NOT_DOZING BACKGROUND_NOT_RESTRICTED WITHIN_QUOTA [0x3400004]
      2022-07-31 08:40:56.873 = DEVICE_NOT_DOZING BACKGROUND_NOT_RESTRICTED WITHIN_QUOTA [0x3400000]
      2022-07-31 09:21:40.225 = IDLE DEVICE_NOT_DOZING BACKGROUND_NOT_RESTRICTED WITHIN_QUOTA [0x3400004]
      2022-08-01 16:20:02.570 = DEVICE_NOT_DOZING BACKGROUND_NOT_RESTRICTED WITHIN_QUOTA [0x3400000]
      2022-08-01 17:05:28.495 = IDLE DEVICE_NOT_DOZING BACKGROUND_NOT_RESTRICTED WITHIN_QUOTA [0x3400004]
      2022-08-01 17:30:41.783 = DEVICE_NOT_DOZING BACKGROUND_NOT_RESTRICTED WITHIN_QUOTA [0x3400000]
      2022-08-01 19:14:00.697 = IDLE DEVICE_NOT_DOZING BACKGROUND_NOT_RESTRICTED WITHIN_QUOTA [0x3400004]
      2022-08-01 20:35:19.891 = DEVICE_NOT_DOZING BACKGROUND_NOT_RESTRICTED WITHIN_QUOTA [0x3400000]
    Tracking: CONNECTIVITY IDLE TIME QUOTA
    Implicit constraints:
      readyNotDozing: true
      readyNotRestrictedInBg: true
      readyComponentEnabled: true
    Network: 104
    Standby bucket: ACTIVE
    Enqueue time: 2022-07-11 16:16:04.489
    Run time: earliest=2022-08-15 12:32:26.240, latest=none, original latest=none
    Restricted due to: none.
    Ready: false (job=false user=true !restricted=true !pending=true !active=true !backingup=true comp=true)
  JOB #u0a67/201: 852551a com.android.dialer/com.android.voicemail.impl.StatusCheckJobService
    u0a67 tag=*job*/com.android.dialer/com.android.voicemail.impl.StatusCheckJobService
    Source: uid=u0a67 user=0 pkg=com.android.dialer
    JobInfo:
      Service: com.android.dialer/com.android.voicemail.impl.StatusCheckJobService
      PERIODIC: interval=+1d0h0m0s0ms flex=+1d0h0m0s0ms
      Requires: charging=true batteryNotLow=false deviceIdle=false
      Network type: NetworkRequest [ NONE id=0, [ Capabilities: INTERNET&NOT_RESTRICTED&TRUSTED&VALIDATED&NOT_VCN_MANAGED Uid: 10067] ]
      Backoff: policy=1 initial=+30s0ms
      Has early constraint
      Has late constraint
    Required constraints: CHARGING TIMING_DELAY DEADLINE CONNECTIVITY [0xd0000001]
    Dynamic constraints:
    Satisfied constraints: CHARGING BATTERY_NOT_LOW TIMING_DELAY DEADLINE DEVICE_NOT_DOZING BACKGROUND_NOT_RESTRICTED WITHIN_QUOTA [0xc3400003]
    Unsatisfied constraints: CONNECTIVITY [0x10000000]
    Constraint history:
      2022-07-30 20:42:38.888 = BATTERY_NOT_LOW TIMING_DELAY DEADLINE DEVICE_NOT_DOZING BACKGROUND_NOT_RESTRICTED WITHIN_QUOTA [0xc3400002]
      2022-07-30 20:43:03.490 = CHARGING BATTERY_NOT_LOW TIMING_DELAY DEADLINE DEVICE_NOT_DOZING BACKGROUND_NOT_RESTRICTED WITHIN_QUOTA [0xc3400003]
      2022-07-30 20:43:16.178 = BATTERY_NOT_LOW TIMING_DELAY DEADLINE DEVICE_NOT_DOZING BACKGROUND_NOT_RESTRICTED WITHIN_QUOTA [0xc3400002]
      2022-07-30 20:43:44.714 = CHARGING BATTERY_NOT_LOW TIMING_DELAY DEADLINE DEVICE_NOT_DOZING BACKGROUND_NOT_RESTRICTED WITHIN_QUOTA [0xc3400003]
      2022-07-30 20:44:04.341 = BATTERY_NOT_LOW TIMING_DELAY DEADLINE DEVICE_NOT_DOZING BACKGROUND_NOT_RESTRICTED WITHIN_QUOTA [0xc3400002]
      2022-07-30 20:44:45.662 = CHARGING BATTERY_NOT_LOW TIMING_DELAY DEADLINE DEVICE_NOT_DOZING BACKGROUND_NOT_RESTRICTED WITHIN_QUOTA [0xc3400003]
      2022-07-30 22:00:22.966 = BATTERY_NOT_LOW TIMING_DELAY DEADLINE DEVICE_NOT_DOZING BACKGROUND_NOT_RESTRICTED WITHIN_QUOTA [0xc3400002]
      2022-07-31 01:28:27.153 = CHARGING BATTERY_NOT_LOW TIMING_DELAY DEADLINE DEVICE_NOT_DOZING BACKGROUND_NOT_RESTRICTED WITHIN_QUOTA [0xc3400003]
      2022-07-31 01:37:10.195 = BATTERY_NOT_LOW TIMING_DELAY DEADLINE DEVICE_NOT_DOZING BACKGROUND_NOT_RESTRICTED WITHIN_QUOTA [0xc3400002]
      2022-08-01 17:47:09.835 = CHARGING BATTERY_NOT_LOW TIMING_DELAY DEADLINE DEVICE_NOT_DOZING BACKGROUND_NOT_RESTRICTED WITHIN_QUOTA [0xc3400003]
    Tracking: BATTERY CONNECTIVITY TIME QUOTA
    Implicit constraints:
      readyNotDozing: true
      readyNotRestrictedInBg: true
      readyComponentEnabled: true
    Network: 104
    Standby bucket: ACTIVE
    Enqueue time: 2022-07-15 18:33:07.741
    Run time: earliest=2022-07-16 18:32:38.700, latest=2022-07-17 18:32:38.700, original latest=2022-07-17 18:32:38.700
    Last successful run: 2022-07-15 18:33:07
    Restricted due to: none.
    Ready: false (job=false user=true !restricted=true !pending=true !active=true !backingup=true comp=true)
  JOB #u0a67/400: ae87269 com.android.dialer/.calllog.config.CallLogConfigImpl$PollingJob
    u0a67 tag=*job*/com.android.dialer/.calllog.config.CallLogConfigImpl$PollingJob
    Source: uid=u0a67 user=0 pkg=com.android.dialer
    JobInfo:
      Service: com.android.dialer/.calllog.config.CallLogConfigImpl$PollingJob
      PERIODIC: interval=+1d0h0m0s0ms flex=+1d0h0m0s0ms
      PERSISTED
      Requires: charging=true batteryNotLow=false deviceIdle=true
      Backoff: policy=1 initial=+30s0ms
      Has early constraint
      Has late constraint
    Required constraints: CHARGING TIMING_DELAY DEADLINE IDLE [0xc0000005]
    Dynamic constraints:
    Satisfied constraints: CHARGING BATTERY_NOT_LOW DEVICE_NOT_DOZING BACKGROUND_NOT_RESTRICTED WITHIN_QUOTA [0x3400003]
    Unsatisfied constraints: TIMING_DELAY DEADLINE IDLE [0xc0000004]
    Constraint history:
      2022-08-01 19:14:00.942 = IDLE [0x4]
      2022-08-01 19:14:00.942 = CHARGING IDLE [0x5]
      2022-08-01 19:14:00.942 = CHARGING BATTERY_NOT_LOW IDLE [0x7]
      2022-08-01 19:14:00.942 = CHARGING BATTERY_NOT_LOW IDLE BACKGROUND_NOT_RESTRICTED [0x400007]
      2022-08-01 19:14:00.942 = CHARGING BATTERY_NOT_LOW IDLE DEVICE_NOT_DOZING BACKGROUND_NOT_RESTRICTED [0x2400007]
      2022-08-01 19:14:00.942 = CHARGING BATTERY_NOT_LOW IDLE DEVICE_NOT_DOZING BACKGROUND_NOT_RESTRICTED WITHIN_QUOTA [0x3400007]
      2022-08-01 20:35:19.891 = CHARGING BATTERY_NOT_LOW DEVICE_NOT_DOZING BACKGROUND_NOT_RESTRICTED WITHIN_QUOTA [0x3400003]
    Tracking: BATTERY IDLE TIME QUOTA
    Implicit constraints:
      readyNotDozing: true
      readyNotRestrictedInBg: true
      readyComponentEnabled: true
    Standby bucket: ACTIVE
    Enqueue time: 2022-08-01 19:14:00.942
    Run time: earliest=2022-08-02 19:14:00.923, latest=2022-08-03 19:14:00.923, original latest=2022-08-03 19:14:00.923
    Last successful run: 2022-08-01 19:14:00
    Restricted due to: none.
    Ready: false (job=false user=true !restricted=true !pending=true !active=true !backingup=true comp=true)
  JOB #u0a93/-200: 7fbfc1a com.android.providers.media.module/com.android.providers.media.IdleService
    u0a93 tag=*job*/com.android.providers.media.module/com.android.providers.media.IdleService
    Source: uid=u0a93 user=0 pkg=com.android.providers.media.module
    JobInfo:
      Service: com.android.providers.media.module/com.android.providers.media.IdleService
      PERIODIC: interval=+1d0h0m0s0ms flex=+1d0h0m0s0ms
      Requires: charging=true batteryNotLow=false deviceIdle=true
      Backoff: policy=1 initial=+30s0ms
      Has early constraint
      Has late constraint
    Required constraints: CHARGING TIMING_DELAY DEADLINE IDLE [0xc0000005]
    Dynamic constraints:
    Satisfied constraints: CHARGING BATTERY_NOT_LOW DEVICE_NOT_DOZING BACKGROUND_NOT_RESTRICTED WITHIN_QUOTA [0x3400003]
    Unsatisfied constraints: TIMING_DELAY DEADLINE IDLE [0xc0000004]
    Constraint history:
      2022-08-01 19:14:01.466 = IDLE [0x4]
      2022-08-01 19:14:01.466 = CHARGING IDLE [0x5]
      2022-08-01 19:14:01.466 = CHARGING BATTERY_NOT_LOW IDLE [0x7]
      2022-08-01 19:14:01.466 = CHARGING BATTERY_NOT_LOW IDLE BACKGROUND_NOT_RESTRICTED [0x400007]
      2022-08-01 19:14:01.466 = CHARGING BATTERY_NOT_LOW IDLE DEVICE_NOT_DOZING BACKGROUND_NOT_RESTRICTED [0x2400007]
      2022-08-01 19:14:01.466 = CHARGING BATTERY_NOT_LOW IDLE DEVICE_NOT_DOZING BACKGROUND_NOT_RESTRICTED WITHIN_QUOTA [0x3400007]
      2022-08-01 20:35:19.891 = CHARGING BATTERY_NOT_LOW DEVICE_NOT_DOZING BACKGROUND_NOT_RESTRICTED WITHIN_QUOTA [0x3400003]
    Uid: active
    Tracking: BATTERY IDLE TIME QUOTA
    Implicit constraints:
      readyNotDozing: true
      readyNotRestrictedInBg: true
      readyComponentEnabled: true
    Standby bucket: ACTIVE
    Enqueue time: 2022-08-01 19:14:01.466
    Run time: earliest=2022-08-02 18:32:39.793, latest=2022-08-03 18:32:39.793, original latest=2022-08-03 18:32:39.793
    Last successful run: 2022-08-01 19:14:01
    Restricted due to: none.
    Ready: false (job=false user=true !restricted=true !pending=true !active=true !backingup=true comp=true)
  JOB #u0a96/0: 24e3e2b com.android.permissioncontroller/.permission.service.LocationAccessCheck$LocationAccessCheckJobService
    u0a96 tag=*job*/com.android.permissioncontroller/.permission.service.LocationAccessCheck$LocationAccessCheckJobService
    Source: uid=u0a96 user=0 pkg=com.android.permissioncontroller
    JobInfo:
      Service: com.android.permissioncontroller/.permission.service.LocationAccessCheck$LocationAccessCheckJobService
      PERIODIC: interval=+1d0h0m0s0ms flex=+2h24m0s0ms
      Requires: charging=false batteryNotLow=false deviceIdle=false
      Backoff: policy=1 initial=+30s0ms
      Has early constraint
      Has late constraint
    Required constraints: TIMING_DELAY DEADLINE [0xc0000000]
    Dynamic constraints:
    Satisfied constraints: DEVICE_NOT_DOZING BACKGROUND_NOT_RESTRICTED WITHIN_QUOTA [0x3400000]
    Unsatisfied constraints: TIMING_DELAY DEADLINE [0xc0000000]
    Constraint history:
      2022-08-01 16:09:50.301 = BACKGROUND_NOT_RESTRICTED [0x400000]
      2022-08-01 16:09:50.301 = DEVICE_NOT_DOZING BACKGROUND_NOT_RESTRICTED [0x2400000]
      2022-08-01 16:09:50.301 = DEVICE_NOT_DOZING BACKGROUND_NOT_RESTRICTED WITHIN_QUOTA [0x3400000]
    Uid: active
    Tracking: TIME QUOTA
    Implicit constraints:
      readyNotDozing: true
      readyNotRestrictedInBg: true
      readyComponentEnabled: true
    Standby bucket: ACTIVE
    Enqueue time: 2022-08-01 16:09:50.301
    Run time: earliest=2022-08-02 16:08:39.670, latest=2022-08-02 18:32:39.670, original latest=2022-08-02 18:32:39.670
    Last successful run: 2022-08-01 16:09:50
    Restricted due to: none.
    Ready: false (job=false user=true !restricted=true !pending=true !active=true !backingup=true comp=true)
  JOB #u0a96/2: cb8df46 com.android.permissioncontroller/.hibernation.HibernationJobService
    u0a96 tag=*job*/com.android.permissioncontroller/.hibernation.HibernationJobService
    Source: uid=u0a96 user=0 pkg=com.android.permissioncontroller
    JobInfo:
      Service: com.android.permissioncontroller/.hibernation.HibernationJobService
      PERIODIC: interval=+15d0h0m0s0ms flex=+15d0h0m0s0ms
      PERSISTED
      Requires: charging=false batteryNotLow=false deviceIdle=false
      Backoff: policy=1 initial=+30s0ms
      Has early constraint
      Has late constraint
    Required constraints: TIMING_DELAY DEADLINE [0xc0000000]
    Dynamic constraints:
    Satisfied constraints: DEVICE_NOT_DOZING BACKGROUND_NOT_RESTRICTED WITHIN_QUOTA [0x3400000]
    Unsatisfied constraints: TIMING_DELAY DEADLINE [0xc0000000]
    Constraint history:
      2022-07-23 18:33:00.000 = BACKGROUND_NOT_RESTRICTED [0x400000]
      2022-07-23 18:33:00.000 = DEVICE_NOT_DOZING BACKGROUND_NOT_RESTRICTED [0x2400000]
      2022-07-23 18:33:00.000 = DEVICE_NOT_DOZING BACKGROUND_NOT_RESTRICTED WITHIN_QUOTA [0x3400000]
    Uid: active
    Tracking: TIME QUOTA
    Implicit constraints:
      readyNotDozing: true
      readyNotRestrictedInBg: true
      readyComponentEnabled: true
    Standby bucket: ACTIVE
    Enqueue time: 2022-07-23 18:33:00.000
    Run time: earliest=2022-08-07 18:32:30.522, latest=2022-08-22 18:32:30.522, original latest=2022-08-22 18:32:30.522
    Last successful run: 2022-07-23 18:33:00
    Restricted due to: none.
    Ready: false (job=false user=true !restricted=true !pending=true !active=true !backingup=true comp=true)
  JOB #u0a101/1: 4e1a8bc com.tencent.mobileqq/.msf.service.MSFAliveJobService
    u0a101 tag=*job*/com.tencent.mobileqq/.msf.service.MSFAliveJobService
    Source: uid=u0a101 user=0 pkg=com.tencent.mobileqq
    JobInfo:
      Service: com.tencent.mobileqq/.msf.service.MSFAliveJobService
      PERIODIC: interval=+15m0s0ms flex=+15m0s0ms
      PERSISTED
      Requires: charging=false batteryNotLow=false deviceIdle=false
      Backoff: policy=1 initial=+30s0ms
      Has early constraint
      Has late constraint
    Required constraints: TIMING_DELAY DEADLINE [0xc0000000]
    Dynamic constraints:
    Satisfied constraints: DEVICE_NOT_DOZING BACKGROUND_NOT_RESTRICTED WITHIN_QUOTA [0x3400000]
    Unsatisfied constraints: TIMING_DELAY DEADLINE [0xc0000000]
    Constraint history:
      2022-08-01 20:53:25.019 = BACKGROUND_NOT_RESTRICTED [0x400000]
      2022-08-01 20:53:25.019 = DEVICE_NOT_DOZING BACKGROUND_NOT_RESTRICTED [0x2400000]
      2022-08-01 20:53:25.019 = DEVICE_NOT_DOZING BACKGROUND_NOT_RESTRICTED WITHIN_QUOTA [0x3400000]
    Tracking: TIME QUOTA
    Implicit constraints:
      readyNotDozing: true
      readyNotRestrictedInBg: true
      readyComponentEnabled: true
    Standby bucket: ACTIVE
    Enqueue time: 2022-08-01 20:53:25.019
    Run time: earliest=2022-08-01 21:07:50.661, latest=2022-08-01 21:22:50.661, original latest=2022-08-01 21:22:50.661
    Last successful run: 2022-08-01 20:53:25
    Restricted due to: none.
    Ready: false (job=false user=true !restricted=true !pending=true !active=true !backingup=true comp=true)
  JOB #u0a106/3: 89a9f0d com.xunmeng.pinduoduo/.service.farseer.LifeCycleJobService
    u0a106 tag=*job*/com.xunmeng.pinduoduo/.service.farseer.LifeCycleJobService
    Source: uid=u0a106 user=0 pkg=com.xunmeng.pinduoduo
    JobInfo:
      Service: com.xunmeng.pinduoduo/.service.farseer.LifeCycleJobService
      PERIODIC: interval=+15m0s0ms flex=+15m0s0ms
      PERSISTED
      Requires: charging=false batteryNotLow=false deviceIdle=false
      Backoff: policy=1 initial=+30s0ms
      Has early constraint
      Has late constraint
    Required constraints: TIMING_DELAY DEADLINE [0xc0000000]
    Dynamic constraints:
    Satisfied constraints: DEVICE_NOT_DOZING BACKGROUND_NOT_RESTRICTED WITHIN_QUOTA [0x3400000]
    Unsatisfied constraints: TIMING_DELAY DEADLINE [0xc0000000]
    Constraint history:
      2022-08-01 21:01:30.988 = BACKGROUND_NOT_RESTRICTED [0x400000]
      2022-08-01 21:01:30.988 = DEVICE_NOT_DOZING BACKGROUND_NOT_RESTRICTED [0x2400000]
      2022-08-01 21:01:30.988 = DEVICE_NOT_DOZING BACKGROUND_NOT_RESTRICTED WITHIN_QUOTA [0x3400000]
    Tracking: TIME QUOTA
    Implicit constraints:
      readyNotDozing: true
      readyNotRestrictedInBg: true
      readyComponentEnabled: true
    Standby bucket: ACTIVE
    Enqueue time: 2022-08-01 21:01:30.988
    Run time: earliest=2022-08-01 21:16:30.973, latest=2022-08-01 21:31:30.973, original latest=2022-08-01 21:31:30.973
    Last successful run: 2022-08-01 21:01:31
    Restricted due to: none.
    Ready: false (job=false user=true !restricted=true !pending=true !active=true !backingup=true comp=true)

Alarm History:
    RTC_WAKEUP #4: Alarm{1b78397 type 0 origWhen 2022-08-01 21:02:45.723 whenElapsed 2022-08-01 21:02:45.723 com.tencent.mm}
      tag=*walarm*:com.tencent.mm/.booter.MMReceivers$AlarmReceiver
      type=RTC_WAKEUP origWhen=2022-08-01 21:02:45.723 window=+11m15s0ms repeatInterval=900000 count=0 flags=0x8
      policyWhenElapsed: requester=+10s322ms app_standby=-14m25s410ms device_idle=-- battery_saver=-14m25s410ms
      whenElapsed=+10s322ms maxWhenElapsed=+11m25s322ms
      operation=PendingIntent{5170711: PendingIntentRecord{71b6076 com.tencent.mm broadcastIntent}}
    ELAPSED #5: Alarm{cd6549d type 3 origWhen 1970-01-25 10:30:25.516 whenElapsed 2022-08-01 21:02:50.749 com.tencent.mm}
      tag=*alarm*:com.tencent.mm.TrafficStatsReceiver
      type=ELAPSED origWhen=+10s345ms window=+3m45s0ms repeatInterval=300000 count=0 flags=0x8
      policyWhenElapsed: requester=+15s348ms app_standby=-4m30s361ms device_idle=-- battery_saver=-4m30s361ms
      whenElapsed=+15s348ms maxWhenElapsed=+4m0s348ms
      operation=PendingIntent{cc9a2e4: PendingIntentRecord{1d4034d com.tencent.mm broadcastIntent}}
    ELAPSED #6: Alarm{2bd3b2f type 3 origWhen 1970-01-25 10:30:39.770 whenElapsed 1970-01-25 10:30:39.770 android}
      tag=*alarm*:TIME_TICK
      type=ELAPSED origWhen=+24s599ms window=0 exactAllowReason=allow-listed repeatInterval=0 count=0 flags=0x9
      policyWhenElapsed: requester=+24s599ms app_standby=-35s400ms device_idle=-- battery_saver=--
      whenElapsed=+24s599ms maxWhenElapsed=+24s599ms
      listener=com.android.server.alarm.AlarmManagerService$3@e87c313
    ELAPSED_WAKEUP #7: Alarm{7f4b53c type 2 origWhen 1970-01-25 10:33:47.179 whenElapsed 1970-01-25 10:33:47.179 com.xunmeng.pinduoduo}
      tag=*walarm*:ALARM_ACTION(17085)
      type=ELAPSED_WAKEUP origWhen=+3m32s8ms window=0 exactAllowReason=compat repeatInterval=0 count=0 flags=0x1
      policyWhenElapsed: requester=+3m32s8ms app_standby=-27s991ms device_idle=-- battery_saver=-27s991ms
      whenElapsed=+3m32s8ms maxWhenElapsed=+3m32s8ms
      operation=PendingIntent{ad1a2c5: PendingIntentRecord{438841a com.xunmeng.pinduoduo broadcastIntent}}
    ELAPSED #8: Alarm{a6c5b4b type 3 origWhen 1970-01-25 10:35:30.460 whenElapsed 1970-01-25 10:35:30.460 android}
      tag=*alarm*:*job.delay*
      type=ELAPSED origWhen=+5m15s289ms window=+4m44s769ms repeatInterval=0 count=0 flags=0x0
      policyWhenElapsed: requester=+5m15s289ms app_standby=-1m4s404ms device_idle=-- battery_saver=--
      whenElapsed=+5m15s289ms maxWhenElapsed=+10m0s58ms
      listener=android.app.AlarmManager$ListenerWrapper@83528e3
    ELAPSED #9: Alarm{3780d12 type 3 origWhen 1970-01-25 10:36:30.748 whenElapsed 1970-01-25 10:36:30.748 android}
      tag=*alarm*:*job.cleanup*
      type=ELAPSED origWhen=+6m15s577ms window=+7m11s943ms repeatInterval=0 count=0 flags=0x8
      policyWhenElapsed: requester=+6m15s577ms app_standby=-3m20s347ms device_idle=-- battery_saver=--
      whenElapsed=+6m15s577ms maxWhenElapsed=+13m27s520ms
      listener=android.app.AlarmManager$ListenerWrapper@2d46a7c
    ELAPSED_WAKEUP #10: Alarm{c053ce3 type 2 origWhen 1970-01-25 10:37:35.729 whenElapsed 1970-01-25 10:37:35.729 com.tencent.mm}
      tag=*walarm*:ALARM_ACTION(10000)
      type=ELAPSED_WAKEUP origWhen=+7m20s558ms window=0 exactAllowReason=compat repeatInterval=0 count=0 flags=0x9
      policyWhenElapsed: requester=+7m20s558ms app_standby=-2m19s439ms device_idle=-- battery_saver=-2m19s439ms
      whenElapsed=+7m20s558ms maxWhenElapsed=+7m20s558ms
      operation=PendingIntent{15a46e0: PendingIntentRecord{6489d99 com.tencent.mm broadcastIntent}}
    ELAPSED_WAKEUP #11: Alarm{a45e85e type 2 origWhen 1970-01-25 10:38:17.146 whenElapsed 1970-01-25 10:38:17.146 com.shizhuang.duapp}
      tag=*walarm*:com.xiaomi.push.PING_TIMER
      type=ELAPSED_WAKEUP origWhen=+8m1s975ms window=0 exactAllowReason=compat repeatInterval=0 count=0 flags=0x21
      policyWhenElapsed: requester=+8m1s975ms app_standby=-1m58s10ms device_idle=-- battery_saver=-47s966ms
      whenElapsed=+8m1s975ms maxWhenElapsed=+8m1s975ms
      operation=PendingIntent{344c43f: PendingIntentRecord{7724677 com.shizhuang.duapp broadcastIntent}}
      idle-options=Bundle[{android:broadcast.temporaryAppAllowlistReasonCode=302, android:broadcast.temporaryAppAllowlistDuration=10000, android:broadcast.temporaryAppAllowlistReason=, android:broadcast.temporaryAppAllowlistType=0}]
    ELAPSED_WAKEUP #12: Alarm{28e55f2 type 2 origWhen 1970-01-25 10:38:17.176 whenElapsed 1970-01-25 10:38:17.176 com.xunmeng.pinduoduo}
      tag=*walarm*:ALARM_ACTION(17085)
      type=ELAPSED_WAKEUP origWhen=+8m2s5ms window=0 exactAllowReason=compat repeatInterval=0 count=0 flags=0x1
      policyWhenElapsed: requester=+8m2s5ms app_standby=-28s12ms device_idle=-- battery_saver=-21m57s992ms
      whenElapsed=+8m2s5ms maxWhenElapsed=+8m2s5ms
      operation=PendingIntent{ff68443: PendingIntentRecord{714eac0 com.xunmeng.pinduoduo broadcastIntent}}
    RTC #13: Alarm{af5e928 type 1 origWhen 1970-01-17 03:20:00.000 whenElapsed 2022-08-01 21:11:34.265 com.tencent.qqmusic}
      tag=*alarm*:com.tencent.qqmusic/.business.unicom.TrafficStatisticsService
      type=RTC origWhen=1970-01-17 03:20:00.000 window=+7m30s0ms repeatInterval=600000 count=0 flags=0x0
      policyWhenElapsed: requester=+8m58s864ms app_standby=-1m0s332ms device_idle=-- battery_saver=-1m0s337ms
      whenElapsed=+8m58s864ms maxWhenElapsed=+16m28s864ms
      operation=PendingIntent{4e2823d: PendingIntentRecord{4e3a32 com.tencent.qqmusic startService}}
    ELAPSED_WAKEUP #14: Alarm{4aea641 type 2 origWhen 1970-01-25 10:50:30.460 whenElapsed 1970-01-25 10:50:30.460 android}
      tag=*walarm*:*job.deadline*
      type=ELAPSED_WAKEUP origWhen=+20m15s289ms window=+15m59s769ms repeatInterval=0 count=0 flags=0x0
      policyWhenElapsed: requester=+20m15s289ms app_standby=-1m4s403ms device_idle=-- battery_saver=--
      whenElapsed=+20m15s289ms maxWhenElapsed=+36m15s58ms
      listener=android.app.AlarmManager$ListenerWrapper@63a3c57
    ELAPSED_WAKEUP #15: Alarm{fccf10c type 2 origWhen 1970-01-25 11:26:26.554 whenElapsed 1970-01-25 11:26:26.554 com.android.networkstack}
      tag=*walarm*:DhcpClient.wlan0.RENEW
      type=ELAPSED_WAKEUP origWhen=+56m11s383ms window=0 exactAllowReason=allow-listed repeatInterval=0 count=0 flags=0x9
      policyWhenElapsed: requester=+56m11s383ms app_standby=-3m48s613ms device_idle=-- battery_saver=--
      whenElapsed=+56m11s383ms maxWhenElapsed=+56m11s383ms
      listener=android.os.BinderProxy@dc634c1
    RTC_WAKEUP #16: Alarm{3f81665 type 0 origWhen 2022-08-01 22:00:00.000 whenElapsed 2022-08-01 22:00:00.000 android}
      tag=*walarm*:ScheduleConditionProvider.EVALUATE
      type=RTC_WAKEUP origWhen=2022-08-01 22:00:00.000 window=0 exactAllowReason=allow-listed repeatInterval=0 count=0 flags=0x9
      policyWhenElapsed: requester=+57m24s599ms app_standby=-3h15m25s537ms device_idle=-- battery_saver=--
      whenElapsed=+57m24s599ms maxWhenElapsed=+57m24s599ms
      operation=PendingIntent{e927f3a: PendingIntentRecord{662dc86 android broadcastIntent}}
    ELAPSED #17: Alarm{958b3e1 type 3 origWhen 1970-01-25 11:52:45.721 whenElapsed 1970-01-25 11:52:45.721 android}
      tag=*alarm*:com.android.server.NetworkTimeUpdateService.action.POLL
      type=ELAPSED origWhen=+1h22m30s550ms window=+1h0m0s0ms repeatInterval=0 count=0 flags=0x8
      policyWhenElapsed: requester=+1h22m30s550ms app_standby=-3h15m25s537ms device_idle=-- battery_saver=--
      whenElapsed=+1h22m30s550ms maxWhenElapsed=+2h22m30s550ms
      operation=PendingIntent{44d8d14: PendingIntentRecord{77959bd android broadcastIntent}}
    ELAPSED #18: Alarm{e9b87ae type 3 origWhen 1970-01-25 12:08:47.576 whenElapsed 1970-01-25 12:08:47.576 android}
      tag=*alarm*:LockSettingsPrimaryAuth.nonStrongBiometricIdleTimeoutForUser
      type=ELAPSED origWhen=+1h38m32s405ms window=+1h0m0s0ms repeatInterval=0 count=0 flags=0x8
      policyWhenElapsed: requester=+1h38m32s405ms app_standby=-2h21m27s595ms device_idle=-- battery_saver=--
      whenElapsed=+1h38m32s405ms maxWhenElapsed=+2h38m32s405ms
      listener=android.app.AlarmManager$ListenerWrapper@52f2948
    ELAPSED_WAKEUP #19: Alarm{6fc7a55 type 2 origWhen 1970-01-25 12:11:26.551 whenElapsed 1970-01-25 12:11:26.551 com.android.networkstack}
      tag=*walarm*:DhcpClient.wlan0.REBIND
      type=ELAPSED_WAKEUP origWhen=+1h41m11s380ms window=0 exactAllowReason=allow-listed repeatInterval=0 count=0 flags=0x9
      policyWhenElapsed: requester=+1h41m11s380ms app_standby=-3m48s611ms device_idle=-- battery_saver=--
      whenElapsed=+1h41m11s380ms maxWhenElapsed=+1h41m11s380ms
      listener=android.os.BinderProxy@a05d3a7
    ELAPSED_WAKEUP #20: Alarm{9842c6a type 2 origWhen 1970-01-25 12:26:26.551 whenElapsed 1970-01-25 12:26:26.551 com.android.networkstack}
      tag=*walarm*:DhcpClient.wlan0.EXPIRY
      type=ELAPSED_WAKEUP origWhen=+1h56m11s380ms window=0 exactAllowReason=allow-listed repeatInterval=0 count=0 flags=0x9
      policyWhenElapsed: requester=+1h56m11s380ms app_standby=-3m48s610ms device_idle=-- battery_saver=--
      whenElapsed=+1h56m11s380ms maxWhenElapsed=+1h56m11s380ms
      listener=android.os.BinderProxy@f405bfd
    RTC #21: Alarm{2995506 type 1 origWhen 2022-08-02 00:00:00.000 whenElapsed 2022-08-02 00:00:00.000 android}
      tag=*alarm*:android.intent.action.DATE_CHANGED
      type=RTC origWhen=2022-08-02 00:00:00.000 window=0 exactAllowReason=allow-listed repeatInterval=0 count=0 flags=0x1
      policyWhenElapsed: requester=+2h57m24s599ms app_standby=-3h15m25s537ms device_idle=-- battery_saver=--
      whenElapsed=+2h57m24s599ms maxWhenElapsed=+2h57m24s599ms
      operation=PendingIntent{d803b12: PendingIntentRecord{384d2e3 android broadcastIntent}}
    RTC_WAKEUP #22: Alarm{403f52 type 0 origWhen 2022-08-02 00:00:00.667 whenElapsed 2022-08-02 00:00:00.666 com.tencent.mobileqq}
      tag=*walarm*:StepEventHandlerImpl.action_time_monitor
      type=RTC_WAKEUP origWhen=2022-08-02 00:00:00.667 window=0 exactAllowReason=compat repeatInterval=0 count=0 flags=0x21
      policyWhenElapsed: requester=+2h57m25s265ms app_standby=-24m54s732ms device_idle=-- battery_saver=-24m54s732ms
      whenElapsed=+2h57m25s265ms maxWhenElapsed=+2h57m25s265ms
      operation=PendingIntent{a122223: PendingIntentRecord{bcbad1d com.tencent.mobileqq broadcastIntent}}
      idle-options=Bundle[{android:broadcast.temporaryAppAllowlistReasonCode=302, android:broadcast.temporaryAppAllowlistDuration=10000, android:broadcast.temporaryAppAllowlistReason=, android:broadcast.temporaryAppAllowlistType=0}]
    ELAPSED #23: Alarm{5e5bb92 type 3 origWhen 1970-01-25 13:36:22.536 whenElapsed 1970-01-25 13:36:22.536 android}
      tag=*alarm*:WifiHealthMonitor Schedule Daily Detection Timer
      type=ELAPSED origWhen=+3h6m7s365ms window=+1h0m0s0ms repeatInterval=0 count=0 flags=0x8
      policyWhenElapsed: requester=+3h6m7s365ms app_standby=-3h15m25s537ms device_idle=-- battery_saver=--
      whenElapsed=+3h6m7s365ms maxWhenElapsed=+4h6m7s365ms
      listener=android.app.AlarmManager$ListenerWrapper@3dd2574
    ELAPSED_WAKEUP #24: Alarm{a23f94f type 2 origWhen 1970-01-25 14:00:00.000 whenElapsed 1970-01-25 14:00:00.000 com.android.providers.calendar}
      tag=*walarm*:com.android.providers.calendar.intent.CalendarProvider2
      type=ELAPSED_WAKEUP origWhen=+3h29m44s829ms window=+4h30m0s0ms repeatInterval=21600000 count=0 flags=0x0
      policyWhenElapsed: requester=+3h29m44s829ms app_standby=-2h29m41s291ms device_idle=-- battery_saver=-2h29m41s298ms
      whenElapsed=+3h29m44s829ms maxWhenElapsed=+7h59m44s829ms
      operation=PendingIntent{a63c5ae: PendingIntentRecord{54a5f4f com.android.providers.calendar broadcastIntent}}
    RTC #25: Alarm{6e38963 type 1 origWhen 2022-08-02 08:00:00.000 whenElapsed 2022-08-02 07:59:59.999 android}
      tag=*alarm*:GraphicsStatsService
      type=RTC origWhen=2022-08-02 08:00:00.000 window=0 exactAllowReason=allow-listed repeatInterval=0 count=0 flags=0x9
      policyWhenElapsed: requester=+10h57m24s598ms app_standby=-3h15m25s537ms device_idle=-- battery_saver=--
      whenElapsed=+10h57m24s598ms maxWhenElapsed=+10h57m24s598ms
      listener=android.app.AlarmManager$ListenerWrapper@84fd960
    RTC_WAKEUP #26: Alarm{e7afe19 type 0 origWhen 2022-08-02 16:16:16.272 whenElapsed 2022-08-02 16:16:16.272 android}
      tag=*walarm*:EventConditionProvider.EVALUATE
      type=RTC_WAKEUP origWhen=2022-08-02 16:16:16.272 window=0 exactAllowReason=allow-listed repeatInterval=0 count=0 flags=0x9
      policyWhenElapsed: requester=+19h13m40s871ms app_standby=-3h15m25s537ms device_idle=-- battery_saver=--
      whenElapsed=+19h13m40s871ms maxWhenElapsed=+19h13m40s871ms
      operation=PendingIntent{41ffede: PendingIntentRecord{ee17336 android broadcastIntent}}
    RTC_WAKEUP #27: Alarm{d9d2509 type 0 origWhen 2032-07-08 16:16:04.507 whenElapsed 2032-07-08 16:16:04.506 com.android.statementservice}
      tag=*walarm*:ACTION_FORCE_STOP_RESCHEDULE
      type=RTC_WAKEUP origWhen=2032-07-08 16:16:04.507 window=0 exactAllowReason=compat repeatInterval=0 count=0 flags=0x1
      policyWhenElapsed: requester=+3628d19h13m29s105ms app_standby=-3h15m25s537ms device_idle=-- battery_saver=-1d22h43m29s413ms
      whenElapsed=+3628d19h13m29s105ms maxWhenElapsed=+3628d19h13m29s105ms
      operation=PendingIntent{b27b30e: PendingIntentRecord{349b12f com.android.statementservice broadcastIntent}}
    RTC_WAKEUP #11: Alarm{d6adba4 type 0 origWhen 2022-08-01 21:17:45.723 whenElapsed 2022-08-01 21:17:45.723 com.tencent.mm}
      tag=*walarm*:com.tencent.mm/.booter.MMReceivers$AlarmReceiver
      type=RTC_WAKEUP origWhen=2022-08-01 21:17:45.723 window=+11m15s0ms repeatInterval=900000 count=0 flags=0x8
      policyWhenElapsed: requester=+14m12s639ms app_standby=-13s9ms device_idle=-- battery_saver=-13s9ms
      whenElapsed=+14m12s639ms maxWhenElapsed=+25m27s639ms
      operation=PendingIntent{5170711: PendingIntentRecord{71b6076 com.tencent.mm broadcastIntent}}
    ELAPSED_WAKEUP #12: Alarm{4aea641 type 2 origWhen 1970-01-25 10:50:30.460 whenElapsed 1970-01-25 10:50:30.460 android}
      tag=*walarm*:*job.deadline*
      type=ELAPSED_WAKEUP origWhen=+19m17s606ms window=+15m59s769ms repeatInterval=0 count=0 flags=0x0
      policyWhenElapsed: requester=+19m17s606ms app_standby=-2m2s86ms device_idle=-- battery_saver=--
      whenElapsed=+19m17s606ms maxWhenElapsed=+35m17s375ms
      listener=android.app.AlarmManager$ListenerWrapper@63a3c57
    ELAPSED #13: Alarm{a43ad0d type 3 origWhen 1970-01-25 11:00:10.943 whenElapsed 2022-08-01 21:32:31.174 android}
      tag=*alarm*:com.android.server.action.NETWORK_STATS_POLL
      type=ELAPSED origWhen=+28m58s89ms window=+22m30s0ms repeatInterval=1800000 count=0 flags=0x8
      policyWhenElapsed: requester=+28m58s90ms app_standby=-48s13ms device_idle=-- battery_saver=--
      whenElapsed=+28m58s90ms maxWhenElapsed=+51m28s90ms
      operation=PendingIntent{1f48598: PendingIntentRecord{16161f1 android broadcastIntent}}
    ELAPSED_WAKEUP #14: Alarm{fccf10c type 2 origWhen 1970-01-25 11:26:26.554 whenElapsed 1970-01-25 11:26:26.554 com.android.networkstack}
      tag=*walarm*:DhcpClient.wlan0.RENEW
      type=ELAPSED_WAKEUP origWhen=+55m13s700ms window=0 exactAllowReason=allow-listed repeatInterval=0 count=0 flags=0x9
      policyWhenElapsed: requester=+55m13s700ms app_standby=-4m46s296ms device_idle=-- battery_saver=--
      whenElapsed=+55m13s700ms maxWhenElapsed=+55m13s700ms
      listener=android.os.BinderProxy@dc634c1
